<?xml version="1.0" encoding="UTF-8"?>
<!-- Generated by org.testng.reporters.JUnitReportReporter -->
<testsuite hostname="DESKTOP-QF8NO53" failures="0" tests="44" name="APPTEST.java.Automation" time="0.104" errors="2" timestamp="2023-11-09T06:59:07 IST" skipped="0">
  <testcase classname="APPTEST.java.Automation" name="testLoginNormal" time="0.015"/>
  <testcase classname="APPTEST.java.Automation" name="testUpdate" time="0.015">
    <error type="java.lang.StackOverflowError">
      <![CDATA[java.lang.StackOverflowError
at APPTEST.java.Automation.testUpdate(Automation.java:23)
at APPTEST.java.Automation.testUpdate(Automation.java:23)
at APPTEST.java.Automation.testUpdate(Automation.java:23)
at APPTEST.java.Automation.testUpdate(Automation.java:23)
at APPTEST.java.Automation.testUpdate(Automation.java:23)
at APPTEST.java.Automation.testUpdate(Automation.java:23)
at APPTEST.java.Automation.testUpdate(Automation.java:23)
at APPTEST.java.Automation.testUpdate(Automation.java:23)
at APPTEST.java.Automation.testUpdate(Automation.java:23)
at APPTEST.java.Automation.testUpdate(Automation.java:23)
at APPTEST.java.Automation.testUpdate(Automation.java:23)
at APPTEST.java.Automation.testUpdate(Automation.java:23)
at APPTEST.java.Automation.testUpdate(Automation.java:23)
at APPTEST.java.Automation.testUpdate(Automation.java:23)
at APPTEST.java.Automation.testUpdate(Automation.java:23)
at APPTEST.java.Automation.testUpdate(Automation.java:23)
at APPTEST.java.Automation.testUpdate(Automation.java:23)
at APPTEST.java.Automation.testUpdate(Automation.java:23)
at APPTEST.java.Automation.testUpdate(Automation.java:23)
at APPTEST.java.Automation.testUpdate(Automation.java:23)
at APPTEST.java.Automation.testUpdate(Automation.java:23)
at APPTEST.java.Automation.testUpdate(Automation.java:23)
at APPTEST.java.Automation.testUpdate(Automation.java:23)
at APPTEST.java.Automation.testUpdate(Automation.java:23)
at APPTEST.java.Automation.testUpdate(Automation.java:23)
at APPTEST.java.Automation.testUpdate(Automation.java:23)
at APPTEST.java.Automation.testUpdate(Automation.java:23)
at APPTEST.java.Automation.testUpdate(Automation.java:23)
at APPTEST.java.Automation.testUpdate(Automation.java:23)
at APPTEST.java.Automation.testUpdate(Automation.java:23)
at APPTEST.java.Automation.testUpdate(Automation.java:23)
at APPTEST.java.Automation.testUpdate(Automation.java:23)
at APPTEST.java.Automation.testUpdate(Automation.java:23)
at APPTEST.java.Automation.testUpdate(Automation.java:23)
at APPTEST.java.Automation.testUpdate(Automation.java:23)
at APPTEST.java.Automation.testUpdate(Automation.java:23)
at APPTEST.java.Automation.testUpdate(Automation.java:23)
at APPTEST.java.Automation.testUpdate(Automation.java:23)
at APPTEST.java.Automation.testUpdate(Automation.java:23)
at APPTEST.java.Automation.testUpdate(Automation.java:23)
at APPTEST.java.Automation.testUpdate(Automation.java:23)
at APPTEST.java.Automation.testUpdate(Automation.java:23)
at APPTEST.java.Automation.testUpdate(Automation.java:23)
at APPTEST.java.Automation.testUpdate(Automation.java:23)
at APPTEST.java.Automation.testUpdate(Automation.java:23)
at APPTEST.java.Automation.testUpdate(Automation.java:23)
at APPTEST.java.Automation.testUpdate(Automation.java:23)
at APPTEST.java.Automation.testUpdate(Automation.java:23)
at APPTEST.java.Automation.testUpdate(Automation.java:23)
at APPTEST.java.Automation.testUpdate(Automation.java:23)
at APPTEST.java.Automation.testUpdate(Automation.java:23)
at APPTEST.java.Automation.testUpdate(Automation.java:23)
at APPTEST.java.Automation.testUpdate(Automation.java:23)
at APPTEST.java.Automation.testUpdate(Automation.java:23)
at APPTEST.java.Automation.testUpdate(Automation.java:23)
at APPTEST.java.Automation.testUpdate(Automation.java:23)
at APPTEST.java.Automation.testUpdate(Automation.java:23)
at APPTEST.java.Automation.testUpdate(Automation.java:23)
at APPTEST.java.Automation.testUpdate(Automation.java:23)
at APPTEST.java.Automation.testUpdate(Automation.java:23)
at APPTEST.java.Automation.testUpdate(Automation.java:23)
at APPTEST.java.Automation.testUpdate(Automation.java:23)
at APPTEST.java.Automation.testUpdate(Automation.java:23)
at APPTEST.java.Automation.testUpdate(Automation.java:23)
at APPTEST.java.Automation.testUpdate(Automation.java:23)
at APPTEST.java.Automation.testUpdate(Automation.java:23)
at APPTEST.java.Automation.testUpdate(Automation.java:23)
at APPTEST.java.Automation.testUpdate(Automation.java:23)
at APPTEST.java.Automation.testUpdate(Automation.java:23)
at APPTEST.java.Automation.testUpdate(Automation.java:23)
at APPTEST.java.Automation.testUpdate(Automation.java:23)
at APPTEST.java.Automation.testUpdate(Automation.java:23)
at APPTEST.java.Automation.testUpdate(Automation.java:23)
at APPTEST.java.Automation.testUpdate(Automation.java:23)
at APPTEST.java.Automation.testUpdate(Automation.java:23)
at APPTEST.java.Automation.testUpdate(Automation.java:23)
at APPTEST.java.Automation.testUpdate(Automation.java:23)
at APPTEST.java.Automation.testUpdate(Automation.java:23)
at APPTEST.java.Automation.testUpdate(Automation.java:23)
at APPTEST.java.Automation.testUpdate(Automation.java:23)
at APPTEST.java.Automation.testUpdate(Automation.java:23)
at APPTEST.java.Automation.testUpdate(Automation.java:23)
at APPTEST.java.Automation.testUpdate(Automation.java:23)
at APPTEST.java.Automation.testUpdate(Automation.java:23)
at APPTEST.java.Automation.testUpdate(Automation.java:23)
at APPTEST.java.Automation.testUpdate(Automation.java:23)
at APPTEST.java.Automation.testUpdate(Automation.java:23)
at APPTEST.java.Automation.testUpdate(Automation.java:23)
at APPTEST.java.Automation.testUpdate(Automation.java:23)
at APPTEST.java.Automation.testUpdate(Automation.java:23)
at APPTEST.java.Automation.testUpdate(Automation.java:23)
at APPTEST.java.Automation.testUpdate(Automation.java:23)
at APPTEST.java.Automation.testUpdate(Automation.java:23)
at APPTEST.java.Automation.testUpdate(Automation.java:23)
at APPTEST.java.Automation.testUpdate(Automation.java:23)
at APPTEST.java.Automation.testUpdate(Automation.java:23)
at APPTEST.java.Automation.testUpdate(Automation.java:23)
at APPTEST.java.Automation.testUpdate(Automation.java:23)
at APPTEST.java.Automation.testUpdate(Automation.java:23)
at APPTEST.java.Automation.testUpdate(Automation.java:23)
at APPTEST.java.Automation.testUpdate(Automation.java:23)
at APPTEST.java.Automation.testUpdate(Automation.java:23)
at APPTEST.java.Automation.testUpdate(Automation.java:23)
at APPTEST.java.Automation.testUpdate(Automation.java:23)
at APPTEST.java.Automation.testUpdate(Automation.java:23)
at APPTEST.java.Automation.testUpdate(Automation.java:23)
at APPTEST.java.Automation.testUpdate(Automation.java:23)
at APPTEST.java.Automation.testUpdate(Automation.java:23)
at APPTEST.java.Automation.testUpdate(Automation.java:23)
at APPTEST.java.Automation.testUpdate(Automation.java:23)
at APPTEST.java.Automation.testUpdate(Automation.java:23)
at APPTEST.java.Automation.testUpdate(Automation.java:23)
at APPTEST.java.Automation.testUpdate(Automation.java:23)
at APPTEST.java.Automation.testUpdate(Automation.java:23)
at APPTEST.java.Automation.testUpdate(Automation.java:23)
at APPTEST.java.Automation.testUpdate(Automation.java:23)
at APPTEST.java.Automation.testUpdate(Automation.java:23)
at APPTEST.java.Automation.testUpdate(Automation.java:23)
at APPTEST.java.Automation.testUpdate(Automation.java:23)
at APPTEST.java.Automation.testUpdate(Automation.java:23)
at APPTEST.java.Automation.testUpdate(Automation.java:23)
at APPTEST.java.Automation.testUpdate(Automation.java:23)
at APPTEST.java.Automation.testUpdate(Automation.java:23)
at APPTEST.java.Automation.testUpdate(Automation.java:23)
at APPTEST.java.Automation.testUpdate(Automation.java:23)
at APPTEST.java.Automation.testUpdate(Automation.java:23)
at APPTEST.java.Automation.testUpdate(Automation.java:23)
at APPTEST.java.Automation.testUpdate(Automation.java:23)
at APPTEST.java.Automation.testUpdate(Automation.java:23)
at APPTEST.java.Automation.testUpdate(Automation.java:23)
at APPTEST.java.Automation.testUpdate(Automation.java:23)
at APPTEST.java.Automation.testUpdate(Automation.java:23)
at APPTEST.java.Automation.testUpdate(Automation.java:23)
at APPTEST.java.Automation.testUpdate(Automation.java:23)
at APPTEST.java.Automation.testUpdate(Automation.java:23)
at APPTEST.java.Automation.testUpdate(Automation.java:23)
at APPTEST.java.Automation.testUpdate(Automation.java:23)
at APPTEST.java.Automation.testUpdate(Automation.java:23)
at APPTEST.java.Automation.testUpdate(Automation.java:23)
at APPTEST.java.Automation.testUpdate(Automation.java:23)
at APPTEST.java.Automation.testUpdate(Automation.java:23)
at APPTEST.java.Automation.testUpdate(Automation.java:23)
at APPTEST.java.Automation.testUpdate(Automation.java:23)
at APPTEST.java.Automation.testUpdate(Automation.java:23)
at APPTEST.java.Automation.testUpdate(Automation.java:23)
at APPTEST.java.Automation.testUpdate(Automation.java:23)
at APPTEST.java.Automation.testUpdate(Automation.java:23)
at APPTEST.java.Automation.testUpdate(Automation.java:23)
at APPTEST.java.Automation.testUpdate(Automation.java:23)
at APPTEST.java.Automation.testUpdate(Automation.java:23)
at APPTEST.java.Automation.testUpdate(Automation.java:23)
at APPTEST.java.Automation.testUpdate(Automation.java:23)
at APPTEST.java.Automation.testUpdate(Automation.java:23)
at APPTEST.java.Automation.testUpdate(Automation.java:23)
at APPTEST.java.Automation.testUpdate(Automation.java:23)
at APPTEST.java.Automation.testUpdate(Automation.java:23)
at APPTEST.java.Automation.testUpdate(Automation.java:23)
at APPTEST.java.Automation.testUpdate(Automation.java:23)
at APPTEST.java.Automation.testUpdate(Automation.java:23)
at APPTEST.java.Automation.testUpdate(Automation.java:23)
at APPTEST.java.Automation.testUpdate(Automation.java:23)
at APPTEST.java.Automation.testUpdate(Automation.java:23)
at APPTEST.java.Automation.testUpdate(Automation.java:23)
at APPTEST.java.Automation.testUpdate(Automation.java:23)
at APPTEST.java.Automation.testUpdate(Automation.java:23)
at APPTEST.java.Automation.testUpdate(Automation.java:23)
at APPTEST.java.Automation.testUpdate(Automation.java:23)
at APPTEST.java.Automation.testUpdate(Automation.java:23)
at APPTEST.java.Automation.testUpdate(Automation.java:23)
at APPTEST.java.Automation.testUpdate(Automation.java:23)
at APPTEST.java.Automation.testUpdate(Automation.java:23)
at APPTEST.java.Automation.testUpdate(Automation.java:23)
at APPTEST.java.Automation.testUpdate(Automation.java:23)
at APPTEST.java.Automation.testUpdate(Automation.java:23)
at APPTEST.java.Automation.testUpdate(Automation.java:23)
at APPTEST.java.Automation.testUpdate(Automation.java:23)
at APPTEST.java.Automation.testUpdate(Automation.java:23)
at APPTEST.java.Automation.testUpdate(Automation.java:23)
at APPTEST.java.Automation.testUpdate(Automation.java:23)
at APPTEST.java.Automation.testUpdate(Automation.java:23)
at APPTEST.java.Automation.testUpdate(Automation.java:23)
at APPTEST.java.Automation.testUpdate(Automation.java:23)
at APPTEST.java.Automation.testUpdate(Automation.java:23)
at APPTEST.java.Automation.testUpdate(Automation.java:23)
at APPTEST.java.Automation.testUpdate(Automation.java:23)
at APPTEST.java.Automation.testUpdate(Automation.java:23)
at APPTEST.java.Automation.testUpdate(Automation.java:23)
at APPTEST.java.Automation.testUpdate(Automation.java:23)
at APPTEST.java.Automation.testUpdate(Automation.java:23)
at APPTEST.java.Automation.testUpdate(Automation.java:23)
at APPTEST.java.Automation.testUpdate(Automation.java:23)
at APPTEST.java.Automation.testUpdate(Automation.java:23)
at APPTEST.java.Automation.testUpdate(Automation.java:23)
at APPTEST.java.Automation.testUpdate(Automation.java:23)
at APPTEST.java.Automation.testUpdate(Automation.java:23)
at APPTEST.java.Automation.testUpdate(Automation.java:23)
at APPTEST.java.Automation.testUpdate(Automation.java:23)
at APPTEST.java.Automation.testUpdate(Automation.java:23)
at APPTEST.java.Automation.testUpdate(Automation.java:23)
at APPTEST.java.Automation.testUpdate(Automation.java:23)
at APPTEST.java.Automation.testUpdate(Automation.java:23)
at APPTEST.java.Automation.testUpdate(Automation.java:23)
at APPTEST.java.Automation.testUpdate(Automation.java:23)
at APPTEST.java.Automation.testUpdate(Automation.java:23)
at APPTEST.java.Automation.testUpdate(Automation.java:23)
at APPTEST.java.Automation.testUpdate(Automation.java:23)
at APPTEST.java.Automation.testUpdate(Automation.java:23)
at APPTEST.java.Automation.testUpdate(Automation.java:23)
at APPTEST.java.Automation.testUpdate(Automation.java:23)
at APPTEST.java.Automation.testUpdate(Automation.java:23)
at APPTEST.java.Automation.testUpdate(Automation.java:23)
at APPTEST.java.Automation.testUpdate(Automation.java:23)
at APPTEST.java.Automation.testUpdate(Automation.java:23)
at APPTEST.java.Automation.testUpdate(Automation.java:23)
at APPTEST.java.Automation.testUpdate(Automation.java:23)
at APPTEST.java.Automation.testUpdate(Automation.java:23)
at APPTEST.java.Automation.testUpdate(Automation.java:23)
at APPTEST.java.Automation.testUpdate(Automation.java:23)
at APPTEST.java.Automation.testUpdate(Automation.java:23)
at APPTEST.java.Automation.testUpdate(Automation.java:23)
at APPTEST.java.Automation.testUpdate(Automation.java:23)
at APPTEST.java.Automation.testUpdate(Automation.java:23)
at APPTEST.java.Automation.testUpdate(Automation.java:23)
at APPTEST.java.Automation.testUpdate(Automation.java:23)
at APPTEST.java.Automation.testUpdate(Automation.java:23)
at APPTEST.java.Automation.testUpdate(Automation.java:23)
at APPTEST.java.Automation.testUpdate(Automation.java:23)
at APPTEST.java.Automation.testUpdate(Automation.java:23)
at APPTEST.java.Automation.testUpdate(Automation.java:23)
at APPTEST.java.Automation.testUpdate(Automation.java:23)
at APPTEST.java.Automation.testUpdate(Automation.java:23)
at APPTEST.java.Automation.testUpdate(Automation.java:23)
at APPTEST.java.Automation.testUpdate(Automation.java:23)
at APPTEST.java.Automation.testUpdate(Automation.java:23)
at APPTEST.java.Automation.testUpdate(Automation.java:23)
at APPTEST.java.Automation.testUpdate(Automation.java:23)
at APPTEST.java.Automation.testUpdate(Automation.java:23)
at APPTEST.java.Automation.testUpdate(Automation.java:23)
at APPTEST.java.Automation.testUpdate(Automation.java:23)
at APPTEST.java.Automation.testUpdate(Automation.java:23)
at APPTEST.java.Automation.testUpdate(Automation.java:23)
at APPTEST.java.Automation.testUpdate(Automation.java:23)
at APPTEST.java.Automation.testUpdate(Automation.java:23)
at APPTEST.java.Automation.testUpdate(Automation.java:23)
at APPTEST.java.Automation.testUpdate(Automation.java:23)
at APPTEST.java.Automation.testUpdate(Automation.java:23)
at APPTEST.java.Automation.testUpdate(Automation.java:23)
at APPTEST.java.Automation.testUpdate(Automation.java:23)
at APPTEST.java.Automation.testUpdate(Automation.java:23)
at APPTEST.java.Automation.testUpdate(Automation.java:23)
at APPTEST.java.Automation.testUpdate(Automation.java:23)
at APPTEST.java.Automation.testUpdate(Automation.java:23)
at APPTEST.java.Automation.testUpdate(Automation.java:23)
at APPTEST.java.Automation.testUpdate(Automation.java:23)
at APPTEST.java.Automation.testUpdate(Automation.java:23)
at APPTEST.java.Automation.testUpdate(Automation.java:23)
at APPTEST.java.Automation.testUpdate(Automation.java:23)
at APPTEST.java.Automation.testUpdate(Automation.java:23)
at APPTEST.java.Automation.testUpdate(Automation.java:23)
at APPTEST.java.Automation.testUpdate(Automation.java:23)
at APPTEST.java.Automation.testUpdate(Automation.java:23)
at APPTEST.java.Automation.testUpdate(Automation.java:23)
at APPTEST.java.Automation.testUpdate(Automation.java:23)
at APPTEST.java.Automation.testUpdate(Automation.java:23)
at APPTEST.java.Automation.testUpdate(Automation.java:23)
at APPTEST.java.Automation.testUpdate(Automation.java:23)
at APPTEST.java.Automation.testUpdate(Automation.java:23)
at APPTEST.java.Automation.testUpdate(Automation.java:23)
at APPTEST.java.Automation.testUpdate(Automation.java:23)
at APPTEST.java.Automation.testUpdate(Automation.java:23)
at APPTEST.java.Automation.testUpdate(Automation.java:23)
at APPTEST.java.Automation.testUpdate(Automation.java:23)
at APPTEST.java.Automation.testUpdate(Automation.java:23)
at APPTEST.java.Automation.testUpdate(Automation.java:23)
at APPTEST.java.Automation.testUpdate(Automation.java:23)
at APPTEST.java.Automation.testUpdate(Automation.java:23)
at APPTEST.java.Automation.testUpdate(Automation.java:23)
at APPTEST.java.Automation.testUpdate(Automation.java:23)
at APPTEST.java.Automation.testUpdate(Automation.java:23)
at APPTEST.java.Automation.testUpdate(Automation.java:23)
at APPTEST.java.Automation.testUpdate(Automation.java:23)
at APPTEST.java.Automation.testUpdate(Automation.java:23)
at APPTEST.java.Automation.testUpdate(Automation.java:23)
at APPTEST.java.Automation.testUpdate(Automation.java:23)
at APPTEST.java.Automation.testUpdate(Automation.java:23)
at APPTEST.java.Automation.testUpdate(Automation.java:23)
at APPTEST.java.Automation.testUpdate(Automation.java:23)
at APPTEST.java.Automation.testUpdate(Automation.java:23)
at APPTEST.java.Automation.testUpdate(Automation.java:23)
at APPTEST.java.Automation.testUpdate(Automation.java:23)
at APPTEST.java.Automation.testUpdate(Automation.java:23)
at APPTEST.java.Automation.testUpdate(Automation.java:23)
at APPTEST.java.Automation.testUpdate(Automation.java:23)
at APPTEST.java.Automation.testUpdate(Automation.java:23)
at APPTEST.java.Automation.testUpdate(Automation.java:23)
at APPTEST.java.Automation.testUpdate(Automation.java:23)
at APPTEST.java.Automation.testUpdate(Automation.java:23)
at APPTEST.java.Automation.testUpdate(Automation.java:23)
at APPTEST.java.Automation.testUpdate(Automation.java:23)
at APPTEST.java.Automation.testUpdate(Automation.java:23)
at APPTEST.java.Automation.testUpdate(Automation.java:23)
at APPTEST.java.Automation.testUpdate(Automation.java:23)
at APPTEST.java.Automation.testUpdate(Automation.java:23)
at APPTEST.java.Automation.testUpdate(Automation.java:23)
at APPTEST.java.Automation.testUpdate(Automation.java:23)
at APPTEST.java.Automation.testUpdate(Automation.java:23)
at APPTEST.java.Automation.testUpdate(Automation.java:23)
at APPTEST.java.Automation.testUpdate(Automation.java:23)
at APPTEST.java.Automation.testUpdate(Automation.java:23)
at APPTEST.java.Automation.testUpdate(Automation.java:23)
at APPTEST.java.Automation.testUpdate(Automation.java:23)
at APPTEST.java.Automation.testUpdate(Automation.java:23)
at APPTEST.java.Automation.testUpdate(Automation.java:23)
at APPTEST.java.Automation.testUpdate(Automation.java:23)
at APPTEST.java.Automation.testUpdate(Automation.java:23)
at APPTEST.java.Automation.testUpdate(Automation.java:23)
at APPTEST.java.Automation.testUpdate(Automation.java:23)
at APPTEST.java.Automation.testUpdate(Automation.java:23)
at APPTEST.java.Automation.testUpdate(Automation.java:23)
at APPTEST.java.Automation.testUpdate(Automation.java:23)
at APPTEST.java.Automation.testUpdate(Automation.java:23)
at APPTEST.java.Automation.testUpdate(Automation.java:23)
at APPTEST.java.Automation.testUpdate(Automation.java:23)
at APPTEST.java.Automation.testUpdate(Automation.java:23)
at APPTEST.java.Automation.testUpdate(Automation.java:23)
at APPTEST.java.Automation.testUpdate(Automation.java:23)
at APPTEST.java.Automation.testUpdate(Automation.java:23)
at APPTEST.java.Automation.testUpdate(Automation.java:23)
at APPTEST.java.Automation.testUpdate(Automation.java:23)
at APPTEST.java.Automation.testUpdate(Automation.java:23)
at APPTEST.java.Automation.testUpdate(Automation.java:23)
at APPTEST.java.Automation.testUpdate(Automation.java:23)
at APPTEST.java.Automation.testUpdate(Automation.java:23)
at APPTEST.java.Automation.testUpdate(Automation.java:23)
at APPTEST.java.Automation.testUpdate(Automation.java:23)
at APPTEST.java.Automation.testUpdate(Automation.java:23)
at APPTEST.java.Automation.testUpdate(Automation.java:23)
at APPTEST.java.Automation.testUpdate(Automation.java:23)
at APPTEST.java.Automation.testUpdate(Automation.java:23)
at APPTEST.java.Automation.testUpdate(Automation.java:23)
at APPTEST.java.Automation.testUpdate(Automation.java:23)
at APPTEST.java.Automation.testUpdate(Automation.java:23)
at APPTEST.java.Automation.testUpdate(Automation.java:23)
at APPTEST.java.Automation.testUpdate(Automation.java:23)
at APPTEST.java.Automation.testUpdate(Automation.java:23)
at APPTEST.java.Automation.testUpdate(Automation.java:23)
at APPTEST.java.Automation.testUpdate(Automation.java:23)
at APPTEST.java.Automation.testUpdate(Automation.java:23)
at APPTEST.java.Automation.testUpdate(Automation.java:23)
at APPTEST.java.Automation.testUpdate(Automation.java:23)
at APPTEST.java.Automation.testUpdate(Automation.java:23)
at APPTEST.java.Automation.testUpdate(Automation.java:23)
at APPTEST.java.Automation.testUpdate(Automation.java:23)
at APPTEST.java.Automation.testUpdate(Automation.java:23)
at APPTEST.java.Automation.testUpdate(Automation.java:23)
at APPTEST.java.Automation.testUpdate(Automation.java:23)
at APPTEST.java.Automation.testUpdate(Automation.java:23)
at APPTEST.java.Automation.testUpdate(Automation.java:23)
at APPTEST.java.Automation.testUpdate(Automation.java:23)
at APPTEST.java.Automation.testUpdate(Automation.java:23)
at APPTEST.java.Automation.testUpdate(Automation.java:23)
at APPTEST.java.Automation.testUpdate(Automation.java:23)
at APPTEST.java.Automation.testUpdate(Automation.java:23)
at APPTEST.java.Automation.testUpdate(Automation.java:23)
at APPTEST.java.Automation.testUpdate(Automation.java:23)
at APPTEST.java.Automation.testUpdate(Automation.java:23)
at APPTEST.java.Automation.testUpdate(Automation.java:23)
at APPTEST.java.Automation.testUpdate(Automation.java:23)
at APPTEST.java.Automation.testUpdate(Automation.java:23)
at APPTEST.java.Automation.testUpdate(Automation.java:23)
at APPTEST.java.Automation.testUpdate(Automation.java:23)
at APPTEST.java.Automation.testUpdate(Automation.java:23)
at APPTEST.java.Automation.testUpdate(Automation.java:23)
at APPTEST.java.Automation.testUpdate(Automation.java:23)
at APPTEST.java.Automation.testUpdate(Automation.java:23)
at APPTEST.java.Automation.testUpdate(Automation.java:23)
at APPTEST.java.Automation.testUpdate(Automation.java:23)
at APPTEST.java.Automation.testUpdate(Automation.java:23)
at APPTEST.java.Automation.testUpdate(Automation.java:23)
at APPTEST.java.Automation.testUpdate(Automation.java:23)
at APPTEST.java.Automation.testUpdate(Automation.java:23)
at APPTEST.java.Automation.testUpdate(Automation.java:23)
at APPTEST.java.Automation.testUpdate(Automation.java:23)
at APPTEST.java.Automation.testUpdate(Automation.java:23)
at APPTEST.java.Automation.testUpdate(Automation.java:23)
at APPTEST.java.Automation.testUpdate(Automation.java:23)
at APPTEST.java.Automation.testUpdate(Automation.java:23)
at APPTEST.java.Automation.testUpdate(Automation.java:23)
at APPTEST.java.Automation.testUpdate(Automation.java:23)
at APPTEST.java.Automation.testUpdate(Automation.java:23)
at APPTEST.java.Automation.testUpdate(Automation.java:23)
at APPTEST.java.Automation.testUpdate(Automation.java:23)
at APPTEST.java.Automation.testUpdate(Automation.java:23)
at APPTEST.java.Automation.testUpdate(Automation.java:23)
at APPTEST.java.Automation.testUpdate(Automation.java:23)
at APPTEST.java.Automation.testUpdate(Automation.java:23)
at APPTEST.java.Automation.testUpdate(Automation.java:23)
at APPTEST.java.Automation.testUpdate(Automation.java:23)
at APPTEST.java.Automation.testUpdate(Automation.java:23)
at APPTEST.java.Automation.testUpdate(Automation.java:23)
at APPTEST.java.Automation.testUpdate(Automation.java:23)
at APPTEST.java.Automation.testUpdate(Automation.java:23)
at APPTEST.java.Automation.testUpdate(Automation.java:23)
at APPTEST.java.Automation.testUpdate(Automation.java:23)
at APPTEST.java.Automation.testUpdate(Automation.java:23)
at APPTEST.java.Automation.testUpdate(Automation.java:23)
at APPTEST.java.Automation.testUpdate(Automation.java:23)
at APPTEST.java.Automation.testUpdate(Automation.java:23)
at APPTEST.java.Automation.testUpdate(Automation.java:23)
at APPTEST.java.Automation.testUpdate(Automation.java:23)
at APPTEST.java.Automation.testUpdate(Automation.java:23)
at APPTEST.java.Automation.testUpdate(Automation.java:23)
at APPTEST.java.Automation.testUpdate(Automation.java:23)
at APPTEST.java.Automation.testUpdate(Automation.java:23)
at APPTEST.java.Automation.testUpdate(Automation.java:23)
at APPTEST.java.Automation.testUpdate(Automation.java:23)
at APPTEST.java.Automation.testUpdate(Automation.java:23)
at APPTEST.java.Automation.testUpdate(Automation.java:23)
at APPTEST.java.Automation.testUpdate(Automation.java:23)
at APPTEST.java.Automation.testUpdate(Automation.java:23)
at APPTEST.java.Automation.testUpdate(Automation.java:23)
at APPTEST.java.Automation.testUpdate(Automation.java:23)
at APPTEST.java.Automation.testUpdate(Automation.java:23)
at APPTEST.java.Automation.testUpdate(Automation.java:23)
at APPTEST.java.Automation.testUpdate(Automation.java:23)
at APPTEST.java.Automation.testUpdate(Automation.java:23)
at APPTEST.java.Automation.testUpdate(Automation.java:23)
at APPTEST.java.Automation.testUpdate(Automation.java:23)
at APPTEST.java.Automation.testUpdate(Automation.java:23)
at APPTEST.java.Automation.testUpdate(Automation.java:23)
at APPTEST.java.Automation.testUpdate(Automation.java:23)
at APPTEST.java.Automation.testUpdate(Automation.java:23)
at APPTEST.java.Automation.testUpdate(Automation.java:23)
at APPTEST.java.Automation.testUpdate(Automation.java:23)
at APPTEST.java.Automation.testUpdate(Automation.java:23)
at APPTEST.java.Automation.testUpdate(Automation.java:23)
at APPTEST.java.Automation.testUpdate(Automation.java:23)
at APPTEST.java.Automation.testUpdate(Automation.java:23)
at APPTEST.java.Automation.testUpdate(Automation.java:23)
at APPTEST.java.Automation.testUpdate(Automation.java:23)
at APPTEST.java.Automation.testUpdate(Automation.java:23)
at APPTEST.java.Automation.testUpdate(Automation.java:23)
at APPTEST.java.Automation.testUpdate(Automation.java:23)
at APPTEST.java.Automation.testUpdate(Automation.java:23)
at APPTEST.java.Automation.testUpdate(Automation.java:23)
at APPTEST.java.Automation.testUpdate(Automation.java:23)
at APPTEST.java.Automation.testUpdate(Automation.java:23)
at APPTEST.java.Automation.testUpdate(Automation.java:23)
at APPTEST.java.Automation.testUpdate(Automation.java:23)
at APPTEST.java.Automation.testUpdate(Automation.java:23)
at APPTEST.java.Automation.testUpdate(Automation.java:23)
at APPTEST.java.Automation.testUpdate(Automation.java:23)
at APPTEST.java.Automation.testUpdate(Automation.java:23)
at APPTEST.java.Automation.testUpdate(Automation.java:23)
at APPTEST.java.Automation.testUpdate(Automation.java:23)
at APPTEST.java.Automation.testUpdate(Automation.java:23)
at APPTEST.java.Automation.testUpdate(Automation.java:23)
at APPTEST.java.Automation.testUpdate(Automation.java:23)
at APPTEST.java.Automation.testUpdate(Automation.java:23)
at APPTEST.java.Automation.testUpdate(Automation.java:23)
at APPTEST.java.Automation.testUpdate(Automation.java:23)
at APPTEST.java.Automation.testUpdate(Automation.java:23)
at APPTEST.java.Automation.testUpdate(Automation.java:23)
at APPTEST.java.Automation.testUpdate(Automation.java:23)
at APPTEST.java.Automation.testUpdate(Automation.java:23)
at APPTEST.java.Automation.testUpdate(Automation.java:23)
at APPTEST.java.Automation.testUpdate(Automation.java:23)
at APPTEST.java.Automation.testUpdate(Automation.java:23)
at APPTEST.java.Automation.testUpdate(Automation.java:23)
at APPTEST.java.Automation.testUpdate(Automation.java:23)
at APPTEST.java.Automation.testUpdate(Automation.java:23)
at APPTEST.java.Automation.testUpdate(Automation.java:23)
at APPTEST.java.Automation.testUpdate(Automation.java:23)
at APPTEST.java.Automation.testUpdate(Automation.java:23)
at APPTEST.java.Automation.testUpdate(Automation.java:23)
at APPTEST.java.Automation.testUpdate(Automation.java:23)
at APPTEST.java.Automation.testUpdate(Automation.java:23)
at APPTEST.java.Automation.testUpdate(Automation.java:23)
at APPTEST.java.Automation.testUpdate(Automation.java:23)
at APPTEST.java.Automation.testUpdate(Automation.java:23)
at APPTEST.java.Automation.testUpdate(Automation.java:23)
at APPTEST.java.Automation.testUpdate(Automation.java:23)
at APPTEST.java.Automation.testUpdate(Automation.java:23)
at APPTEST.java.Automation.testUpdate(Automation.java:23)
at APPTEST.java.Automation.testUpdate(Automation.java:23)
at APPTEST.java.Automation.testUpdate(Automation.java:23)
at APPTEST.java.Automation.testUpdate(Automation.java:23)
at APPTEST.java.Automation.testUpdate(Automation.java:23)
at APPTEST.java.Automation.testUpdate(Automation.java:23)
at APPTEST.java.Automation.testUpdate(Automation.java:23)
at APPTEST.java.Automation.testUpdate(Automation.java:23)
at APPTEST.java.Automation.testUpdate(Automation.java:23)
at APPTEST.java.Automation.testUpdate(Automation.java:23)
at APPTEST.java.Automation.testUpdate(Automation.java:23)
at APPTEST.java.Automation.testUpdate(Automation.java:23)
at APPTEST.java.Automation.testUpdate(Automation.java:23)
at APPTEST.java.Automation.testUpdate(Automation.java:23)
at APPTEST.java.Automation.testUpdate(Automation.java:23)
at APPTEST.java.Automation.testUpdate(Automation.java:23)
at APPTEST.java.Automation.testUpdate(Automation.java:23)
at APPTEST.java.Automation.testUpdate(Automation.java:23)
at APPTEST.java.Automation.testUpdate(Automation.java:23)
at APPTEST.java.Automation.testUpdate(Automation.java:23)
at APPTEST.java.Automation.testUpdate(Automation.java:23)
at APPTEST.java.Automation.testUpdate(Automation.java:23)
at APPTEST.java.Automation.testUpdate(Automation.java:23)
at APPTEST.java.Automation.testUpdate(Automation.java:23)
at APPTEST.java.Automation.testUpdate(Automation.java:23)
at APPTEST.java.Automation.testUpdate(Automation.java:23)
at APPTEST.java.Automation.testUpdate(Automation.java:23)
at APPTEST.java.Automation.testUpdate(Automation.java:23)
at APPTEST.java.Automation.testUpdate(Automation.java:23)
at APPTEST.java.Automation.testUpdate(Automation.java:23)
at APPTEST.java.Automation.testUpdate(Automation.java:23)
at APPTEST.java.Automation.testUpdate(Automation.java:23)
at APPTEST.java.Automation.testUpdate(Automation.java:23)
at APPTEST.java.Automation.testUpdate(Automation.java:23)
at APPTEST.java.Automation.testUpdate(Automation.java:23)
at APPTEST.java.Automation.testUpdate(Automation.java:23)
at APPTEST.java.Automation.testUpdate(Automation.java:23)
at APPTEST.java.Automation.testUpdate(Automation.java:23)
at APPTEST.java.Automation.testUpdate(Automation.java:23)
at APPTEST.java.Automation.testUpdate(Automation.java:23)
at APPTEST.java.Automation.testUpdate(Automation.java:23)
at APPTEST.java.Automation.testUpdate(Automation.java:23)
at APPTEST.java.Automation.testUpdate(Automation.java:23)
at APPTEST.java.Automation.testUpdate(Automation.java:23)
at APPTEST.java.Automation.testUpdate(Automation.java:23)
at APPTEST.java.Automation.testUpdate(Automation.java:23)
at APPTEST.java.Automation.testUpdate(Automation.java:23)
at APPTEST.java.Automation.testUpdate(Automation.java:23)
at APPTEST.java.Automation.testUpdate(Automation.java:23)
at APPTEST.java.Automation.testUpdate(Automation.java:23)
at APPTEST.java.Automation.testUpdate(Automation.java:23)
at APPTEST.java.Automation.testUpdate(Automation.java:23)
at APPTEST.java.Automation.testUpdate(Automation.java:23)
at APPTEST.java.Automation.testUpdate(Automation.java:23)
at APPTEST.java.Automation.testUpdate(Automation.java:23)
at APPTEST.java.Automation.testUpdate(Automation.java:23)
at APPTEST.java.Automation.testUpdate(Automation.java:23)
at APPTEST.java.Automation.testUpdate(Automation.java:23)
at APPTEST.java.Automation.testUpdate(Automation.java:23)
at APPTEST.java.Automation.testUpdate(Automation.java:23)
at APPTEST.java.Automation.testUpdate(Automation.java:23)
at APPTEST.java.Automation.testUpdate(Automation.java:23)
at APPTEST.java.Automation.testUpdate(Automation.java:23)
at APPTEST.java.Automation.testUpdate(Automation.java:23)
at APPTEST.java.Automation.testUpdate(Automation.java:23)
at APPTEST.java.Automation.testUpdate(Automation.java:23)
at APPTEST.java.Automation.testUpdate(Automation.java:23)
at APPTEST.java.Automation.testUpdate(Automation.java:23)
at APPTEST.java.Automation.testUpdate(Automation.java:23)
at APPTEST.java.Automation.testUpdate(Automation.java:23)
at APPTEST.java.Automation.testUpdate(Automation.java:23)
at APPTEST.java.Automation.testUpdate(Automation.java:23)
at APPTEST.java.Automation.testUpdate(Automation.java:23)
at APPTEST.java.Automation.testUpdate(Automation.java:23)
at APPTEST.java.Automation.testUpdate(Automation.java:23)
at APPTEST.java.Automation.testUpdate(Automation.java:23)
at APPTEST.java.Automation.testUpdate(Automation.java:23)
at APPTEST.java.Automation.testUpdate(Automation.java:23)
at APPTEST.java.Automation.testUpdate(Automation.java:23)
at APPTEST.java.Automation.testUpdate(Automation.java:23)
at APPTEST.java.Automation.testUpdate(Automation.java:23)
at APPTEST.java.Automation.testUpdate(Automation.java:23)
at APPTEST.java.Automation.testUpdate(Automation.java:23)
at APPTEST.java.Automation.testUpdate(Automation.java:23)
at APPTEST.java.Automation.testUpdate(Automation.java:23)
at APPTEST.java.Automation.testUpdate(Automation.java:23)
at APPTEST.java.Automation.testUpdate(Automation.java:23)
at APPTEST.java.Automation.testUpdate(Automation.java:23)
at APPTEST.java.Automation.testUpdate(Automation.java:23)
at APPTEST.java.Automation.testUpdate(Automation.java:23)
at APPTEST.java.Automation.testUpdate(Automation.java:23)
at APPTEST.java.Automation.testUpdate(Automation.java:23)
at APPTEST.java.Automation.testUpdate(Automation.java:23)
at APPTEST.java.Automation.testUpdate(Automation.java:23)
at APPTEST.java.Automation.testUpdate(Automation.java:23)
at APPTEST.java.Automation.testUpdate(Automation.java:23)
at APPTEST.java.Automation.testUpdate(Automation.java:23)
at APPTEST.java.Automation.testUpdate(Automation.java:23)
at APPTEST.java.Automation.testUpdate(Automation.java:23)
at APPTEST.java.Automation.testUpdate(Automation.java:23)
at APPTEST.java.Automation.testUpdate(Automation.java:23)
at APPTEST.java.Automation.testUpdate(Automation.java:23)
at APPTEST.java.Automation.testUpdate(Automation.java:23)
at APPTEST.java.Automation.testUpdate(Automation.java:23)
at APPTEST.java.Automation.testUpdate(Automation.java:23)
at APPTEST.java.Automation.testUpdate(Automation.java:23)
at APPTEST.java.Automation.testUpdate(Automation.java:23)
at APPTEST.java.Automation.testUpdate(Automation.java:23)
at APPTEST.java.Automation.testUpdate(Automation.java:23)
at APPTEST.java.Automation.testUpdate(Automation.java:23)
at APPTEST.java.Automation.testUpdate(Automation.java:23)
at APPTEST.java.Automation.testUpdate(Automation.java:23)
at APPTEST.java.Automation.testUpdate(Automation.java:23)
at APPTEST.java.Automation.testUpdate(Automation.java:23)
at APPTEST.java.Automation.testUpdate(Automation.java:23)
at APPTEST.java.Automation.testUpdate(Automation.java:23)
at APPTEST.java.Automation.testUpdate(Automation.java:23)
at APPTEST.java.Automation.testUpdate(Automation.java:23)
at APPTEST.java.Automation.testUpdate(Automation.java:23)
at APPTEST.java.Automation.testUpdate(Automation.java:23)
at APPTEST.java.Automation.testUpdate(Automation.java:23)
at APPTEST.java.Automation.testUpdate(Automation.java:23)
at APPTEST.java.Automation.testUpdate(Automation.java:23)
at APPTEST.java.Automation.testUpdate(Automation.java:23)
at APPTEST.java.Automation.testUpdate(Automation.java:23)
at APPTEST.java.Automation.testUpdate(Automation.java:23)
at APPTEST.java.Automation.testUpdate(Automation.java:23)
at APPTEST.java.Automation.testUpdate(Automation.java:23)
at APPTEST.java.Automation.testUpdate(Automation.java:23)
at APPTEST.java.Automation.testUpdate(Automation.java:23)
at APPTEST.java.Automation.testUpdate(Automation.java:23)
at APPTEST.java.Automation.testUpdate(Automation.java:23)
at APPTEST.java.Automation.testUpdate(Automation.java:23)
at APPTEST.java.Automation.testUpdate(Automation.java:23)
at APPTEST.java.Automation.testUpdate(Automation.java:23)
at APPTEST.java.Automation.testUpdate(Automation.java:23)
at APPTEST.java.Automation.testUpdate(Automation.java:23)
at APPTEST.java.Automation.testUpdate(Automation.java:23)
at APPTEST.java.Automation.testUpdate(Automation.java:23)
at APPTEST.java.Automation.testUpdate(Automation.java:23)
at APPTEST.java.Automation.testUpdate(Automation.java:23)
at APPTEST.java.Automation.testUpdate(Automation.java:23)
at APPTEST.java.Automation.testUpdate(Automation.java:23)
at APPTEST.java.Automation.testUpdate(Automation.java:23)
at APPTEST.java.Automation.testUpdate(Automation.java:23)
at APPTEST.java.Automation.testUpdate(Automation.java:23)
at APPTEST.java.Automation.testUpdate(Automation.java:23)
at APPTEST.java.Automation.testUpdate(Automation.java:23)
at APPTEST.java.Automation.testUpdate(Automation.java:23)
at APPTEST.java.Automation.testUpdate(Automation.java:23)
at APPTEST.java.Automation.testUpdate(Automation.java:23)
at APPTEST.java.Automation.testUpdate(Automation.java:23)
at APPTEST.java.Automation.testUpdate(Automation.java:23)
at APPTEST.java.Automation.testUpdate(Automation.java:23)
at APPTEST.java.Automation.testUpdate(Automation.java:23)
at APPTEST.java.Automation.testUpdate(Automation.java:23)
at APPTEST.java.Automation.testUpdate(Automation.java:23)
at APPTEST.java.Automation.testUpdate(Automation.java:23)
at APPTEST.java.Automation.testUpdate(Automation.java:23)
at APPTEST.java.Automation.testUpdate(Automation.java:23)
at APPTEST.java.Automation.testUpdate(Automation.java:23)
at APPTEST.java.Automation.testUpdate(Automation.java:23)
at APPTEST.java.Automation.testUpdate(Automation.java:23)
at APPTEST.java.Automation.testUpdate(Automation.java:23)
at APPTEST.java.Automation.testUpdate(Automation.java:23)
at APPTEST.java.Automation.testUpdate(Automation.java:23)
at APPTEST.java.Automation.testUpdate(Automation.java:23)
at APPTEST.java.Automation.testUpdate(Automation.java:23)
at APPTEST.java.Automation.testUpdate(Automation.java:23)
at APPTEST.java.Automation.testUpdate(Automation.java:23)
at APPTEST.java.Automation.testUpdate(Automation.java:23)
at APPTEST.java.Automation.testUpdate(Automation.java:23)
at APPTEST.java.Automation.testUpdate(Automation.java:23)
at APPTEST.java.Automation.testUpdate(Automation.java:23)
at APPTEST.java.Automation.testUpdate(Automation.java:23)
at APPTEST.java.Automation.testUpdate(Automation.java:23)
at APPTEST.java.Automation.testUpdate(Automation.java:23)
at APPTEST.java.Automation.testUpdate(Automation.java:23)
at APPTEST.java.Automation.testUpdate(Automation.java:23)
at APPTEST.java.Automation.testUpdate(Automation.java:23)
at APPTEST.java.Automation.testUpdate(Automation.java:23)
at APPTEST.java.Automation.testUpdate(Automation.java:23)
at APPTEST.java.Automation.testUpdate(Automation.java:23)
at APPTEST.java.Automation.testUpdate(Automation.java:23)
at APPTEST.java.Automation.testUpdate(Automation.java:23)
at APPTEST.java.Automation.testUpdate(Automation.java:23)
at APPTEST.java.Automation.testUpdate(Automation.java:23)
at APPTEST.java.Automation.testUpdate(Automation.java:23)
at APPTEST.java.Automation.testUpdate(Automation.java:23)
at APPTEST.java.Automation.testUpdate(Automation.java:23)
at APPTEST.java.Automation.testUpdate(Automation.java:23)
at APPTEST.java.Automation.testUpdate(Automation.java:23)
at APPTEST.java.Automation.testUpdate(Automation.java:23)
at APPTEST.java.Automation.testUpdate(Automation.java:23)
at APPTEST.java.Automation.testUpdate(Automation.java:23)
at APPTEST.java.Automation.testUpdate(Automation.java:23)
at APPTEST.java.Automation.testUpdate(Automation.java:23)
at APPTEST.java.Automation.testUpdate(Automation.java:23)
at APPTEST.java.Automation.testUpdate(Automation.java:23)
at APPTEST.java.Automation.testUpdate(Automation.java:23)
at APPTEST.java.Automation.testUpdate(Automation.java:23)
at APPTEST.java.Automation.testUpdate(Automation.java:23)
at APPTEST.java.Automation.testUpdate(Automation.java:23)
at APPTEST.java.Automation.testUpdate(Automation.java:23)
at APPTEST.java.Automation.testUpdate(Automation.java:23)
at APPTEST.java.Automation.testUpdate(Automation.java:23)
at APPTEST.java.Automation.testUpdate(Automation.java:23)
at APPTEST.java.Automation.testUpdate(Automation.java:23)
at APPTEST.java.Automation.testUpdate(Automation.java:23)
at APPTEST.java.Automation.testUpdate(Automation.java:23)
at APPTEST.java.Automation.testUpdate(Automation.java:23)
at APPTEST.java.Automation.testUpdate(Automation.java:23)
at APPTEST.java.Automation.testUpdate(Automation.java:23)
at APPTEST.java.Automation.testUpdate(Automation.java:23)
at APPTEST.java.Automation.testUpdate(Automation.java:23)
at APPTEST.java.Automation.testUpdate(Automation.java:23)
at APPTEST.java.Automation.testUpdate(Automation.java:23)
at APPTEST.java.Automation.testUpdate(Automation.java:23)
at APPTEST.java.Automation.testUpdate(Automation.java:23)
at APPTEST.java.Automation.testUpdate(Automation.java:23)
at APPTEST.java.Automation.testUpdate(Automation.java:23)
at APPTEST.java.Automation.testUpdate(Automation.java:23)
at APPTEST.java.Automation.testUpdate(Automation.java:23)
at APPTEST.java.Automation.testUpdate(Automation.java:23)
at APPTEST.java.Automation.testUpdate(Automation.java:23)
at APPTEST.java.Automation.testUpdate(Automation.java:23)
at APPTEST.java.Automation.testUpdate(Automation.java:23)
at APPTEST.java.Automation.testUpdate(Automation.java:23)
at APPTEST.java.Automation.testUpdate(Automation.java:23)
at APPTEST.java.Automation.testUpdate(Automation.java:23)
at APPTEST.java.Automation.testUpdate(Automation.java:23)
at APPTEST.java.Automation.testUpdate(Automation.java:23)
at APPTEST.java.Automation.testUpdate(Automation.java:23)
at APPTEST.java.Automation.testUpdate(Automation.java:23)
at APPTEST.java.Automation.testUpdate(Automation.java:23)
at APPTEST.java.Automation.testUpdate(Automation.java:23)
at APPTEST.java.Automation.testUpdate(Automation.java:23)
at APPTEST.java.Automation.testUpdate(Automation.java:23)
at APPTEST.java.Automation.testUpdate(Automation.java:23)
at APPTEST.java.Automation.testUpdate(Automation.java:23)
at APPTEST.java.Automation.testUpdate(Automation.java:23)
at APPTEST.java.Automation.testUpdate(Automation.java:23)
at APPTEST.java.Automation.testUpdate(Automation.java:23)
at APPTEST.java.Automation.testUpdate(Automation.java:23)
at APPTEST.java.Automation.testUpdate(Automation.java:23)
at APPTEST.java.Automation.testUpdate(Automation.java:23)
at APPTEST.java.Automation.testUpdate(Automation.java:23)
at APPTEST.java.Automation.testUpdate(Automation.java:23)
at APPTEST.java.Automation.testUpdate(Automation.java:23)
at APPTEST.java.Automation.testUpdate(Automation.java:23)
at APPTEST.java.Automation.testUpdate(Automation.java:23)
at APPTEST.java.Automation.testUpdate(Automation.java:23)
at APPTEST.java.Automation.testUpdate(Automation.java:23)
at APPTEST.java.Automation.testUpdate(Automation.java:23)
at APPTEST.java.Automation.testUpdate(Automation.java:23)
at APPTEST.java.Automation.testUpdate(Automation.java:23)
at APPTEST.java.Automation.testUpdate(Automation.java:23)
at APPTEST.java.Automation.testUpdate(Automation.java:23)
at APPTEST.java.Automation.testUpdate(Automation.java:23)
at APPTEST.java.Automation.testUpdate(Automation.java:23)
at APPTEST.java.Automation.testUpdate(Automation.java:23)
at APPTEST.java.Automation.testUpdate(Automation.java:23)
at APPTEST.java.Automation.testUpdate(Automation.java:23)
at APPTEST.java.Automation.testUpdate(Automation.java:23)
at APPTEST.java.Automation.testUpdate(Automation.java:23)
at APPTEST.java.Automation.testUpdate(Automation.java:23)
at APPTEST.java.Automation.testUpdate(Automation.java:23)
at APPTEST.java.Automation.testUpdate(Automation.java:23)
at APPTEST.java.Automation.testUpdate(Automation.java:23)
at APPTEST.java.Automation.testUpdate(Automation.java:23)
at APPTEST.java.Automation.testUpdate(Automation.java:23)
at APPTEST.java.Automation.testUpdate(Automation.java:23)
at APPTEST.java.Automation.testUpdate(Automation.java:23)
at APPTEST.java.Automation.testUpdate(Automation.java:23)
at APPTEST.java.Automation.testUpdate(Automation.java:23)
at APPTEST.java.Automation.testUpdate(Automation.java:23)
at APPTEST.java.Automation.testUpdate(Automation.java:23)
at APPTEST.java.Automation.testUpdate(Automation.java:23)
at APPTEST.java.Automation.testUpdate(Automation.java:23)
at APPTEST.java.Automation.testUpdate(Automation.java:23)
at APPTEST.java.Automation.testUpdate(Automation.java:23)
at APPTEST.java.Automation.testUpdate(Automation.java:23)
at APPTEST.java.Automation.testUpdate(Automation.java:23)
at APPTEST.java.Automation.testUpdate(Automation.java:23)
at APPTEST.java.Automation.testUpdate(Automation.java:23)
at APPTEST.java.Automation.testUpdate(Automation.java:23)
at APPTEST.java.Automation.testUpdate(Automation.java:23)
at APPTEST.java.Automation.testUpdate(Automation.java:23)
at APPTEST.java.Automation.testUpdate(Automation.java:23)
at APPTEST.java.Automation.testUpdate(Automation.java:23)
at APPTEST.java.Automation.testUpdate(Automation.java:23)
at APPTEST.java.Automation.testUpdate(Automation.java:23)
at APPTEST.java.Automation.testUpdate(Automation.java:23)
at APPTEST.java.Automation.testUpdate(Automation.java:23)
at APPTEST.java.Automation.testUpdate(Automation.java:23)
at APPTEST.java.Automation.testUpdate(Automation.java:23)
at APPTEST.java.Automation.testUpdate(Automation.java:23)
at APPTEST.java.Automation.testUpdate(Automation.java:23)
at APPTEST.java.Automation.testUpdate(Automation.java:23)
at APPTEST.java.Automation.testUpdate(Automation.java:23)
at APPTEST.java.Automation.testUpdate(Automation.java:23)
at APPTEST.java.Automation.testUpdate(Automation.java:23)
at APPTEST.java.Automation.testUpdate(Automation.java:23)
at APPTEST.java.Automation.testUpdate(Automation.java:23)
at APPTEST.java.Automation.testUpdate(Automation.java:23)
at APPTEST.java.Automation.testUpdate(Automation.java:23)
at APPTEST.java.Automation.testUpdate(Automation.java:23)
at APPTEST.java.Automation.testUpdate(Automation.java:23)
at APPTEST.java.Automation.testUpdate(Automation.java:23)
at APPTEST.java.Automation.testUpdate(Automation.java:23)
at APPTEST.java.Automation.testUpdate(Automation.java:23)
at APPTEST.java.Automation.testUpdate(Automation.java:23)
at APPTEST.java.Automation.testUpdate(Automation.java:23)
at APPTEST.java.Automation.testUpdate(Automation.java:23)
at APPTEST.java.Automation.testUpdate(Automation.java:23)
at APPTEST.java.Automation.testUpdate(Automation.java:23)
at APPTEST.java.Automation.testUpdate(Automation.java:23)
at APPTEST.java.Automation.testUpdate(Automation.java:23)
at APPTEST.java.Automation.testUpdate(Automation.java:23)
at APPTEST.java.Automation.testUpdate(Automation.java:23)
at APPTEST.java.Automation.testUpdate(Automation.java:23)
at APPTEST.java.Automation.testUpdate(Automation.java:23)
at APPTEST.java.Automation.testUpdate(Automation.java:23)
at APPTEST.java.Automation.testUpdate(Automation.java:23)
at APPTEST.java.Automation.testUpdate(Automation.java:23)
at APPTEST.java.Automation.testUpdate(Automation.java:23)
at APPTEST.java.Automation.testUpdate(Automation.java:23)
at APPTEST.java.Automation.testUpdate(Automation.java:23)
at APPTEST.java.Automation.testUpdate(Automation.java:23)
at APPTEST.java.Automation.testUpdate(Automation.java:23)
at APPTEST.java.Automation.testUpdate(Automation.java:23)
at APPTEST.java.Automation.testUpdate(Automation.java:23)
at APPTEST.java.Automation.testUpdate(Automation.java:23)
at APPTEST.java.Automation.testUpdate(Automation.java:23)
at APPTEST.java.Automation.testUpdate(Automation.java:23)
at APPTEST.java.Automation.testUpdate(Automation.java:23)
at APPTEST.java.Automation.testUpdate(Automation.java:23)
at APPTEST.java.Automation.testUpdate(Automation.java:23)
at APPTEST.java.Automation.testUpdate(Automation.java:23)
at APPTEST.java.Automation.testUpdate(Automation.java:23)
at APPTEST.java.Automation.testUpdate(Automation.java:23)
at APPTEST.java.Automation.testUpdate(Automation.java:23)
at APPTEST.java.Automation.testUpdate(Automation.java:23)
at APPTEST.java.Automation.testUpdate(Automation.java:23)
at APPTEST.java.Automation.testUpdate(Automation.java:23)
at APPTEST.java.Automation.testUpdate(Automation.java:23)
at APPTEST.java.Automation.testUpdate(Automation.java:23)
at APPTEST.java.Automation.testUpdate(Automation.java:23)
at APPTEST.java.Automation.testUpdate(Automation.java:23)
at APPTEST.java.Automation.testUpdate(Automation.java:23)
at APPTEST.java.Automation.testUpdate(Automation.java:23)
at APPTEST.java.Automation.testUpdate(Automation.java:23)
at APPTEST.java.Automation.testUpdate(Automation.java:23)
at APPTEST.java.Automation.testUpdate(Automation.java:23)
at APPTEST.java.Automation.testUpdate(Automation.java:23)
at APPTEST.java.Automation.testUpdate(Automation.java:23)
at APPTEST.java.Automation.testUpdate(Automation.java:23)
at APPTEST.java.Automation.testUpdate(Automation.java:23)
at APPTEST.java.Automation.testUpdate(Automation.java:23)
at APPTEST.java.Automation.testUpdate(Automation.java:23)
at APPTEST.java.Automation.testUpdate(Automation.java:23)
at APPTEST.java.Automation.testUpdate(Automation.java:23)
at APPTEST.java.Automation.testUpdate(Automation.java:23)
at APPTEST.java.Automation.testUpdate(Automation.java:23)
at APPTEST.java.Automation.testUpdate(Automation.java:23)
at APPTEST.java.Automation.testUpdate(Automation.java:23)
at APPTEST.java.Automation.testUpdate(Automation.java:23)
at APPTEST.java.Automation.testUpdate(Automation.java:23)
at APPTEST.java.Automation.testUpdate(Automation.java:23)
at APPTEST.java.Automation.testUpdate(Automation.java:23)
at APPTEST.java.Automation.testUpdate(Automation.java:23)
at APPTEST.java.Automation.testUpdate(Automation.java:23)
at APPTEST.java.Automation.testUpdate(Automation.java:23)
at APPTEST.java.Automation.testUpdate(Automation.java:23)
at APPTEST.java.Automation.testUpdate(Automation.java:23)
at APPTEST.java.Automation.testUpdate(Automation.java:23)
at APPTEST.java.Automation.testUpdate(Automation.java:23)
at APPTEST.java.Automation.testUpdate(Automation.java:23)
at APPTEST.java.Automation.testUpdate(Automation.java:23)
at APPTEST.java.Automation.testUpdate(Automation.java:23)
at APPTEST.java.Automation.testUpdate(Automation.java:23)
at APPTEST.java.Automation.testUpdate(Automation.java:23)
at APPTEST.java.Automation.testUpdate(Automation.java:23)
at APPTEST.java.Automation.testUpdate(Automation.java:23)
at APPTEST.java.Automation.testUpdate(Automation.java:23)
at APPTEST.java.Automation.testUpdate(Automation.java:23)
at APPTEST.java.Automation.testUpdate(Automation.java:23)
at APPTEST.java.Automation.testUpdate(Automation.java:23)
at APPTEST.java.Automation.testUpdate(Automation.java:23)
at APPTEST.java.Automation.testUpdate(Automation.java:23)
at APPTEST.java.Automation.testUpdate(Automation.java:23)
at APPTEST.java.Automation.testUpdate(Automation.java:23)
at APPTEST.java.Automation.testUpdate(Automation.java:23)
at APPTEST.java.Automation.testUpdate(Automation.java:23)
at APPTEST.java.Automation.testUpdate(Automation.java:23)
at APPTEST.java.Automation.testUpdate(Automation.java:23)
at APPTEST.java.Automation.testUpdate(Automation.java:23)
at APPTEST.java.Automation.testUpdate(Automation.java:23)
at APPTEST.java.Automation.testUpdate(Automation.java:23)
at APPTEST.java.Automation.testUpdate(Automation.java:23)
at APPTEST.java.Automation.testUpdate(Automation.java:23)
at APPTEST.java.Automation.testUpdate(Automation.java:23)
at APPTEST.java.Automation.testUpdate(Automation.java:23)
at APPTEST.java.Automation.testUpdate(Automation.java:23)
at APPTEST.java.Automation.testUpdate(Automation.java:23)
at APPTEST.java.Automation.testUpdate(Automation.java:23)
at APPTEST.java.Automation.testUpdate(Automation.java:23)
at APPTEST.java.Automation.testUpdate(Automation.java:23)
at APPTEST.java.Automation.testUpdate(Automation.java:23)
at APPTEST.java.Automation.testUpdate(Automation.java:23)
at APPTEST.java.Automation.testUpdate(Automation.java:23)
at APPTEST.java.Automation.testUpdate(Automation.java:23)
at APPTEST.java.Automation.testUpdate(Automation.java:23)
at APPTEST.java.Automation.testUpdate(Automation.java:23)
at APPTEST.java.Automation.testUpdate(Automation.java:23)
at APPTEST.java.Automation.testUpdate(Automation.java:23)
at APPTEST.java.Automation.testUpdate(Automation.java:23)
at APPTEST.java.Automation.testUpdate(Automation.java:23)
at APPTEST.java.Automation.testUpdate(Automation.java:23)
at APPTEST.java.Automation.testUpdate(Automation.java:23)
at APPTEST.java.Automation.testUpdate(Automation.java:23)
at APPTEST.java.Automation.testUpdate(Automation.java:23)
at APPTEST.java.Automation.testUpdate(Automation.java:23)
at APPTEST.java.Automation.testUpdate(Automation.java:23)
at APPTEST.java.Automation.testUpdate(Automation.java:23)
at APPTEST.java.Automation.testUpdate(Automation.java:23)
at APPTEST.java.Automation.testUpdate(Automation.java:23)
at APPTEST.java.Automation.testUpdate(Automation.java:23)
at APPTEST.java.Automation.testUpdate(Automation.java:23)
at APPTEST.java.Automation.testUpdate(Automation.java:23)
at APPTEST.java.Automation.testUpdate(Automation.java:23)
at APPTEST.java.Automation.testUpdate(Automation.java:23)
at APPTEST.java.Automation.testUpdate(Automation.java:23)
at APPTEST.java.Automation.testUpdate(Automation.java:23)
at APPTEST.java.Automation.testUpdate(Automation.java:23)
at APPTEST.java.Automation.testUpdate(Automation.java:23)
at APPTEST.java.Automation.testUpdate(Automation.java:23)
at APPTEST.java.Automation.testUpdate(Automation.java:23)
at APPTEST.java.Automation.testUpdate(Automation.java:23)
at APPTEST.java.Automation.testUpdate(Automation.java:23)
at APPTEST.java.Automation.testUpdate(Automation.java:23)
at APPTEST.java.Automation.testUpdate(Automation.java:23)
at APPTEST.java.Automation.testUpdate(Automation.java:23)
at APPTEST.java.Automation.testUpdate(Automation.java:23)
at APPTEST.java.Automation.testUpdate(Automation.java:23)
at APPTEST.java.Automation.testUpdate(Automation.java:23)
at APPTEST.java.Automation.testUpdate(Automation.java:23)
at APPTEST.java.Automation.testUpdate(Automation.java:23)
at APPTEST.java.Automation.testUpdate(Automation.java:23)
at APPTEST.java.Automation.testUpdate(Automation.java:23)
at APPTEST.java.Automation.testUpdate(Automation.java:23)
at APPTEST.java.Automation.testUpdate(Automation.java:23)
at APPTEST.java.Automation.testUpdate(Automation.java:23)
at APPTEST.java.Automation.testUpdate(Automation.java:23)
at APPTEST.java.Automation.testUpdate(Automation.java:23)
at APPTEST.java.Automation.testUpdate(Automation.java:23)
at APPTEST.java.Automation.testUpdate(Automation.java:23)
at APPTEST.java.Automation.testUpdate(Automation.java:23)
at APPTEST.java.Automation.testUpdate(Automation.java:23)
at APPTEST.java.Automation.testUpdate(Automation.java:23)
at APPTEST.java.Automation.testUpdate(Automation.java:23)
at APPTEST.java.Automation.testUpdate(Automation.java:23)
at APPTEST.java.Automation.testUpdate(Automation.java:23)
at APPTEST.java.Automation.testUpdate(Automation.java:23)
at APPTEST.java.Automation.testUpdate(Automation.java:23)
at APPTEST.java.Automation.testUpdate(Automation.java:23)
at APPTEST.java.Automation.testUpdate(Automation.java:23)
at APPTEST.java.Automation.testUpdate(Automation.java:23)
at APPTEST.java.Automation.testUpdate(Automation.java:23)
at APPTEST.java.Automation.testUpdate(Automation.java:23)
at APPTEST.java.Automation.testUpdate(Automation.java:23)
at APPTEST.java.Automation.testUpdate(Automation.java:23)
at APPTEST.java.Automation.testUpdate(Automation.java:23)
at APPTEST.java.Automation.testUpdate(Automation.java:23)
at APPTEST.java.Automation.testUpdate(Automation.java:23)
at APPTEST.java.Automation.testUpdate(Automation.java:23)
at APPTEST.java.Automation.testUpdate(Automation.java:23)
at APPTEST.java.Automation.testUpdate(Automation.java:23)
at APPTEST.java.Automation.testUpdate(Automation.java:23)
at APPTEST.java.Automation.testUpdate(Automation.java:23)
at APPTEST.java.Automation.testUpdate(Automation.java:23)
at APPTEST.java.Automation.testUpdate(Automation.java:23)
at APPTEST.java.Automation.testUpdate(Automation.java:23)
at APPTEST.java.Automation.testUpdate(Automation.java:23)
at APPTEST.java.Automation.testUpdate(Automation.java:23)
at APPTEST.java.Automation.testUpdate(Automation.java:23)
at APPTEST.java.Automation.testUpdate(Automation.java:23)
at APPTEST.java.Automation.testUpdate(Automation.java:23)
at APPTEST.java.Automation.testUpdate(Automation.java:23)
at APPTEST.java.Automation.testUpdate(Automation.java:23)
at APPTEST.java.Automation.testUpdate(Automation.java:23)
at APPTEST.java.Automation.testUpdate(Automation.java:23)
at APPTEST.java.Automation.testUpdate(Automation.java:23)
at APPTEST.java.Automation.testUpdate(Automation.java:23)
at APPTEST.java.Automation.testUpdate(Automation.java:23)
at APPTEST.java.Automation.testUpdate(Automation.java:23)
at APPTEST.java.Automation.testUpdate(Automation.java:23)
at APPTEST.java.Automation.testUpdate(Automation.java:23)
at APPTEST.java.Automation.testUpdate(Automation.java:23)
at APPTEST.java.Automation.testUpdate(Automation.java:23)
at APPTEST.java.Automation.testUpdate(Automation.java:23)
at APPTEST.java.Automation.testUpdate(Automation.java:23)
at APPTEST.java.Automation.testUpdate(Automation.java:23)
at APPTEST.java.Automation.testUpdate(Automation.java:23)
at APPTEST.java.Automation.testUpdate(Automation.java:23)
at APPTEST.java.Automation.testUpdate(Automation.java:23)
at APPTEST.java.Automation.testUpdate(Automation.java:23)
at APPTEST.java.Automation.testUpdate(Automation.java:23)
at APPTEST.java.Automation.testUpdate(Automation.java:23)
at APPTEST.java.Automation.testUpdate(Automation.java:23)
at APPTEST.java.Automation.testUpdate(Automation.java:23)
at APPTEST.java.Automation.testUpdate(Automation.java:23)
at APPTEST.java.Automation.testUpdate(Automation.java:23)
at APPTEST.java.Automation.testUpdate(Automation.java:23)
at APPTEST.java.Automation.testUpdate(Automation.java:23)
at APPTEST.java.Automation.testUpdate(Automation.java:23)
at APPTEST.java.Automation.testUpdate(Automation.java:23)
at APPTEST.java.Automation.testUpdate(Automation.java:23)
at APPTEST.java.Automation.testUpdate(Automation.java:23)
at APPTEST.java.Automation.testUpdate(Automation.java:23)
at APPTEST.java.Automation.testUpdate(Automation.java:23)
at APPTEST.java.Automation.testUpdate(Automation.java:23)
at APPTEST.java.Automation.testUpdate(Automation.java:23)
at APPTEST.java.Automation.testUpdate(Automation.java:23)
at APPTEST.java.Automation.testUpdate(Automation.java:23)
at APPTEST.java.Automation.testUpdate(Automation.java:23)
at APPTEST.java.Automation.testUpdate(Automation.java:23)
at APPTEST.java.Automation.testUpdate(Automation.java:23)
at APPTEST.java.Automation.testUpdate(Automation.java:23)
at APPTEST.java.Automation.testUpdate(Automation.java:23)
at APPTEST.java.Automation.testUpdate(Automation.java:23)
at APPTEST.java.Automation.testUpdate(Automation.java:23)
at APPTEST.java.Automation.testUpdate(Automation.java:23)
at APPTEST.java.Automation.testUpdate(Automation.java:23)
at APPTEST.java.Automation.testUpdate(Automation.java:23)
at APPTEST.java.Automation.testUpdate(Automation.java:23)
at APPTEST.java.Automation.testUpdate(Automation.java:23)
at APPTEST.java.Automation.testUpdate(Automation.java:23)
at APPTEST.java.Automation.testUpdate(Automation.java:23)
at APPTEST.java.Automation.testUpdate(Automation.java:23)
at APPTEST.java.Automation.testUpdate(Automation.java:23)
]]>
    </error>
  </testcase> <!-- testUpdate -->
  <testcase classname="APPTEST.java.Automation" name="testLoginGmail" time="0.001"/>
  <testcase classname="APPTEST.java.Automation" name="testLogoutGmail" time="0.001"/>
  <testcase classname="APPTEST.java.Automation" name="testLoginWithPassword" time="0.002"/>
  <testcase classname="APPTEST.java.Automation" name="testCreateProjectConstruction" time="0.002"/>
  <testcase classname="APPTEST.java.Automation" name="testCreateProjectEvents" time="0.001"/>
  <testcase classname="APPTEST.java.Automation" name="testCreateProjectTravel" time="0.001"/>
  <testcase classname="APPTEST.java.Automation" name="testCreateProjectWork" time="0.001"/>
  <testcase classname="APPTEST.java.Automation" name="testCreateProjectItem" time="0.000"/>
  <testcase classname="APPTEST.java.Automation" name="testCreateProjectCustomNewCategory" time="0.003"/>
  <testcase classname="APPTEST.java.Automation" name="testCreateItemTransport" time="0.003"/>
  <testcase classname="APPTEST.java.Automation" name="testCreateItemProperties" time="0.002"/>
  <testcase classname="APPTEST.java.Automation" name="testCreateItemPersonal" time="0.002"/>
  <testcase classname="APPTEST.java.Automation" name="testEditItemTransport" time="0.001"/>
  <testcase classname="APPTEST.java.Automation" name="testEditItemProperty" time="0.004"/>
  <testcase classname="APPTEST.java.Automation" name="testEditItemPersonal" time="0.001"/>
  <testcase classname="APPTEST.java.Automation" name="testAddPeopleSearchInviteContact" time="0.001"/>
  <testcase classname="APPTEST.java.Automation" name="testAddPeopleSearchInviteGmail" time="0.003"/>
  <testcase classname="APPTEST.java.Automation" name="testAddPeopleCreatePeopleProfileFamily" time="0.001"/>
  <testcase classname="APPTEST.java.Automation" name="testAddPeopleCreatePeopleProfileFriends" time="0.001"/>
  <testcase classname="APPTEST.java.Automation" name="testEditPeopleProfileFamily" time="0.002"/>
  <testcase classname="APPTEST.java.Automation" name="testEditPeopleProfileFriends" time="0.002"/>
  <testcase classname="APPTEST.java.Automation" name="testAddAndEditPeoplePetProfile" time="0.001"/>
  <testcase classname="APPTEST.java.Automation" name="testAddPeopleInviteContact" time="0.001"/>
  <testcase classname="APPTEST.java.Automation" name="testAddPeopleInviteGmail" time="0.001"/>
  <testcase classname="APPTEST.java.Automation" name="testAddPeopleInvitationLink" time="0.010"/>
  <testcase classname="APPTEST.java.Automation" name="testCreateTaskPersonal" time="0.001"/>
  <testcase classname="APPTEST.java.Automation" name="testCreateTaskItem" time="0.002"/>
  <testcase classname="APPTEST.java.Automation" name="testCreateTaskPeople" time="0.001"/>
  <testcase classname="APPTEST.java.Automation" name="testCreateTaskProject" time="0.003"/>
  <testcase classname="APPTEST.java.Automation" name="testUploadThroughInbox" time="0.004"/>
  <testcase classname="APPTEST.java.Automation" name="testUploadThroughItem" time="0.001"/>
  <testcase classname="APPTEST.java.Automation" name="testUploadThroughPeople" time="0.001">
    <error message="Unresolved compilation problem: 
	The method Upload_Through_People() is undefined for the type Automation
" type="java.lang.Error">
      <![CDATA[java.lang.Error: Unresolved compilation problem: 
The method Upload_Through_People() is undefined for the type Automation

at APPTEST.java.Automation.testUploadThroughPeople(Automation.java:319)
at java.base/jdk.internal.reflect.NativeMethodAccessorImpl.invoke0(Native Method)
at java.base/jdk.internal.reflect.NativeMethodAccessorImpl.invoke(NativeMethodAccessorImpl.java:77)
at java.base/jdk.internal.reflect.DelegatingMethodAccessorImpl.invoke(DelegatingMethodAccessorImpl.java:43)
at java.base/java.lang.reflect.Method.invoke(Method.java:568)
at org.testng.internal.invokers.MethodInvocationHelper.invokeMethod(MethodInvocationHelper.java:139)
at org.testng.internal.invokers.TestInvoker.invokeMethod(TestInvoker.java:664)
at org.testng.internal.invokers.TestInvoker.invokeTestMethod(TestInvoker.java:227)
at org.testng.internal.invokers.MethodRunner.runInSequence(MethodRunner.java:50)
at org.testng.internal.invokers.TestInvoker$MethodInvocationAgent.invoke(TestInvoker.java:957)
at org.testng.internal.invokers.TestInvoker.invokeTestMethods(TestInvoker.java:200)
at org.testng.internal.invokers.TestMethodWorker.invokeTestMethods(TestMethodWorker.java:148)
at org.testng.internal.invokers.TestMethodWorker.run(TestMethodWorker.java:128)
at java.base/java.util.ArrayList.forEach(ArrayList.java:1511)
at org.testng.TestRunner.privateRun(TestRunner.java:848)
at org.testng.TestRunner.run(TestRunner.java:621)
at org.testng.SuiteRunner.runTest(SuiteRunner.java:443)
at org.testng.SuiteRunner.runSequentially(SuiteRunner.java:437)
at org.testng.SuiteRunner.privateRun(SuiteRunner.java:397)
at org.testng.SuiteRunner.run(SuiteRunner.java:336)
at org.testng.SuiteRunnerWorker.runSuite(SuiteRunnerWorker.java:52)
at org.testng.SuiteRunnerWorker.run(SuiteRunnerWorker.java:95)
at org.testng.TestNG.runSuitesSequentially(TestNG.java:1280)
at org.testng.TestNG.runSuitesLocally(TestNG.java:1200)
at org.testng.TestNG.runSuites(TestNG.java:1114)
at org.testng.TestNG.run(TestNG.java:1082)
at org.testng.remote.AbstractRemoteTestNG.run(AbstractRemoteTestNG.java:115)
at org.testng.remote.RemoteTestNG.initAndRun(RemoteTestNG.java:251)
at org.testng.remote.RemoteTestNG.main(RemoteTestNG.java:77)
]]>
    </error>
  </testcase> <!-- testUploadThroughPeople -->
  <testcase classname="APPTEST.java.Automation" name="testUploadThroughArchive" time="0.001"/>
  <testcase classname="APPTEST.java.Automation" name="testDeleteProject" time="0.001"/>
  <testcase classname="APPTEST.java.Automation" name="testDeleteThings" time="0.002"/>
  <testcase classname="APPTEST.java.Automation" name="testDeletePeople" time="0.001"/>
  <testcase classname="APPTEST.java.Automation" name="testEditDeleteTask" time="0.000"/>
  <testcase classname="APPTEST.java.Automation" name="testUsingTrashRestoreAll" time="0.001"/>
  <testcase classname="APPTEST.java.Automation" name="testThingsArchive" time="0.003"/>
  <testcase classname="APPTEST.java.Automation" name="testPeopleArchive" time="0.002"/>
  <testcase classname="APPTEST.java.Automation" name="testProjectArchive" time="0.001"/>
  <testcase classname="APPTEST.java.Automation" name="testRBArchiveInbox" time="0.001"/>
</testsuite> <!-- APPTEST.java.Automation -->
